Determining if the pthread_create exist failed with the following output:
Change Dir: /home/robocar/robocar-pinky/Software/prcp/cpp/build/CMakeFiles/CMakeTmp

Run Build Command:"/usr/bin/make" "cmTC_aa8bc/fast"
/usr/bin/make -f CMakeFiles/cmTC_aa8bc.dir/build.make CMakeFiles/cmTC_aa8bc.dir/build
make[1]: Entering directory '/home/robocar/robocar-pinky/Software/prcp/cpp/build/CMakeFiles/CMakeTmp'
Building C object CMakeFiles/cmTC_aa8bc.dir/CheckSymbolExists.c.o
/usr/bin/cc    -o CMakeFiles/cmTC_aa8bc.dir/CheckSymbolExists.c.o   -c /home/robocar/robocar-pinky/Software/prcp/cpp/build/CMakeFiles/CMakeTmp/CheckSymbolExists.c
Linking C executable cmTC_aa8bc
/usr/bin/cmake -E cmake_link_script CMakeFiles/cmTC_aa8bc.dir/link.txt --verbose=1
/usr/bin/cc      -rdynamic CMakeFiles/cmTC_aa8bc.dir/CheckSymbolExists.c.o  -o cmTC_aa8bc 
CMakeFiles/cmTC_aa8bc.dir/CheckSymbolExists.c.o: In function `main':
CheckSymbolExists.c:(.text+0x14): undefined reference to `pthread_create'
CheckSymbolExists.c:(.text+0x18): undefined reference to `pthread_create'
collect2: error: ld returned 1 exit status
CMakeFiles/cmTC_aa8bc.dir/build.make:97: recipe for target 'cmTC_aa8bc' failed
make[1]: *** [cmTC_aa8bc] Error 1
make[1]: Leaving directory '/home/robocar/robocar-pinky/Software/prcp/cpp/build/CMakeFiles/CMakeTmp'
Makefile:126: recipe for target 'cmTC_aa8bc/fast' failed
make: *** [cmTC_aa8bc/fast] Error 2

File /home/robocar/robocar-pinky/Software/prcp/cpp/build/CMakeFiles/CMakeTmp/CheckSymbolExists.c:
/* */
#include <pthread.h>

int main(int argc, char** argv)
{
  (void)argv;
#ifndef pthread_create
  return ((int*)(&pthread_create))[argc];
#else
  (void)argc;
  return 0;
#endif
}

Determining if the function pthread_create exists in the pthreads failed with the following output:
Change Dir: /home/robocar/robocar-pinky/Software/prcp/cpp/build/CMakeFiles/CMakeTmp

Run Build Command:"/usr/bin/make" "cmTC_70824/fast"
/usr/bin/make -f CMakeFiles/cmTC_70824.dir/build.make CMakeFiles/cmTC_70824.dir/build
make[1]: Entering directory '/home/robocar/robocar-pinky/Software/prcp/cpp/build/CMakeFiles/CMakeTmp'
Building C object CMakeFiles/cmTC_70824.dir/CheckFunctionExists.c.o
/usr/bin/cc   -DCHECK_FUNCTION_EXISTS=pthread_create   -o CMakeFiles/cmTC_70824.dir/CheckFunctionExists.c.o   -c /usr/share/cmake-3.10/Modules/CheckFunctionExists.c
Linking C executable cmTC_70824
/usr/bin/cmake -E cmake_link_script CMakeFiles/cmTC_70824.dir/link.txt --verbose=1
/usr/bin/cc  -DCHECK_FUNCTION_EXISTS=pthread_create    -rdynamic CMakeFiles/cmTC_70824.dir/CheckFunctionExists.c.o  -o cmTC_70824 -lpthreads 
/usr/bin/ld: cannot find -lpthreads
collect2: error: ld returned 1 exit status
CMakeFiles/cmTC_70824.dir/build.make:97: recipe for target 'cmTC_70824' failed
make[1]: *** [cmTC_70824] Error 1
make[1]: Leaving directory '/home/robocar/robocar-pinky/Software/prcp/cpp/build/CMakeFiles/CMakeTmp'
Makefile:126: recipe for target 'cmTC_70824/fast' failed
make: *** [cmTC_70824/fast] Error 2


