Determining if the pthread_create exist failed with the following output:
Change Dir: /home/robocar/robocar-pinky/Software/ROS/build/CMakeFiles/CMakeTmp

Run Build Command:"/usr/bin/make" "cmTC_bc571/fast"
/usr/bin/make -f CMakeFiles/cmTC_bc571.dir/build.make CMakeFiles/cmTC_bc571.dir/build
make[1]: Entering directory '/home/robocar/robocar-pinky/Software/ROS/build/CMakeFiles/CMakeTmp'
Building C object CMakeFiles/cmTC_bc571.dir/CheckSymbolExists.c.o
/usr/bin/cc    -o CMakeFiles/cmTC_bc571.dir/CheckSymbolExists.c.o   -c /home/robocar/robocar-pinky/Software/ROS/build/CMakeFiles/CMakeTmp/CheckSymbolExists.c
Linking C executable cmTC_bc571
/usr/bin/cmake -E cmake_link_script CMakeFiles/cmTC_bc571.dir/link.txt --verbose=1
/usr/bin/cc      -rdynamic CMakeFiles/cmTC_bc571.dir/CheckSymbolExists.c.o  -o cmTC_bc571 
CMakeFiles/cmTC_bc571.dir/CheckSymbolExists.c.o: In function `main':
CheckSymbolExists.c:(.text+0x14): undefined reference to `pthread_create'
CheckSymbolExists.c:(.text+0x18): undefined reference to `pthread_create'
collect2: error: ld returned 1 exit status
CMakeFiles/cmTC_bc571.dir/build.make:97: recipe for target 'cmTC_bc571' failed
make[1]: *** [cmTC_bc571] Error 1
make[1]: Leaving directory '/home/robocar/robocar-pinky/Software/ROS/build/CMakeFiles/CMakeTmp'
Makefile:126: recipe for target 'cmTC_bc571/fast' failed
make: *** [cmTC_bc571/fast] Error 2

File /home/robocar/robocar-pinky/Software/ROS/build/CMakeFiles/CMakeTmp/CheckSymbolExists.c:
/* */
#include <pthread.h>

int main(int argc, char** argv)
{
  (void)argv;
#ifndef pthread_create
  return ((int*)(&pthread_create))[argc];
#else
  (void)argc;
  return 0;
#endif
}

Determining if the function pthread_create exists in the pthreads failed with the following output:
Change Dir: /home/robocar/robocar-pinky/Software/ROS/build/CMakeFiles/CMakeTmp

Run Build Command:"/usr/bin/make" "cmTC_86b7b/fast"
/usr/bin/make -f CMakeFiles/cmTC_86b7b.dir/build.make CMakeFiles/cmTC_86b7b.dir/build
make[1]: Entering directory '/home/robocar/robocar-pinky/Software/ROS/build/CMakeFiles/CMakeTmp'
Building C object CMakeFiles/cmTC_86b7b.dir/CheckFunctionExists.c.o
/usr/bin/cc   -DCHECK_FUNCTION_EXISTS=pthread_create   -o CMakeFiles/cmTC_86b7b.dir/CheckFunctionExists.c.o   -c /usr/share/cmake-3.10/Modules/CheckFunctionExists.c
Linking C executable cmTC_86b7b
/usr/bin/cmake -E cmake_link_script CMakeFiles/cmTC_86b7b.dir/link.txt --verbose=1
/usr/bin/cc  -DCHECK_FUNCTION_EXISTS=pthread_create    -rdynamic CMakeFiles/cmTC_86b7b.dir/CheckFunctionExists.c.o  -o cmTC_86b7b -lpthreads 
/usr/bin/ld: cannot find -lpthreads
collect2: error: ld returned 1 exit status
CMakeFiles/cmTC_86b7b.dir/build.make:97: recipe for target 'cmTC_86b7b' failed
make[1]: *** [cmTC_86b7b] Error 1
make[1]: Leaving directory '/home/robocar/robocar-pinky/Software/ROS/build/CMakeFiles/CMakeTmp'
Makefile:126: recipe for target 'cmTC_86b7b/fast' failed
make: *** [cmTC_86b7b/fast] Error 2


